<?xml version="1.0" encoding="UTF-8" ?>
<testsuite failures="1" time="0.778" errors="0" skipped="0" tests="1" name="cn.dev.youngsmith.stockanalysis.StockParserTest">
  <properties>
[...]
</properties>
  <testcase time="0.778" classname="cn.dev.youngsmith.stockanalysis.StockParserTest" name="cn.dev.youngsmith.stockanalysis.StockParserTest.testParser">
    <failure message="org/junit/Assert" type="java.lang.NoClassDefFoundError">java.lang.NoClassDefFoundError: org/junit/Assert
	at cn.dev.youngsmith.stockanalysis.StockParserTest.testParser(StockParserTest.java:55)
Caused by: java.lang.ClassNotFoundException: org.junit.Assert
	at java.net.URLClassLoader$1.run(URLClassLoader.java:366)
	at java.net.URLClassLoader$1.run(URLClassLoader.java:355)
	at java.security.AccessController.doPrivileged(Native Method)
	at java.net.URLClassLoader.findClass(URLClassLoader.java:354)
	at java.lang.ClassLoader.loadClass(ClassLoader.java:425)
	at sun.misc.Launcher$AppClassLoader.loadClass(Launcher.java:308)
	at java.lang.ClassLoader.loadClass(ClassLoader.java:358)
	... 19 more
</failure>
    <system-out>[{&quot;data&quot;:{&quot;buyFive&quot;:&quot;25700&quot;,&quot;buyFivePri&quot;:&quot;16.650&quot;,&quot;buyFour&quot;:&quot;20500&quot;,&quot;buyFourPri&quot;:&quot;16.700&quot;,&quot;buyOne&quot;:&quot;5500&quot;,&quot;buyOnePri&quot;:&quot;16.750&quot;,&quot;buyThree&quot;:&quot;1700&quot;,&quot;buyThreePri&quot;:&quot;16.710&quot;,&quot;buyTwo&quot;:&quot;500&quot;,&quot;buyTwoPri&quot;:&quot;16.730&quot;,&quot;competitivePri&quot;:&quot;16.750&quot;,&quot;date&quot;:&quot;2017-03-10&quot;,&quot;gid&quot;:&quot;sh601311&quot;,&quot;increPer&quot;:&quot;0.18&quot;,&quot;increase&quot;:&quot;0.030&quot;,&quot;name&quot;:&quot;骆驼股份&quot;,&quot;nowPri&quot;:&quot;16.780&quot;,&quot;reservePri&quot;:&quot;16.780&quot;,&quot;sellFive&quot;:&quot;2300&quot;,&quot;sellFivePri&quot;:&quot;16.850&quot;,&quot;sellFour&quot;:&quot;6700&quot;,&quot;sellFourPri&quot;:&quot;16.840&quot;,&quot;sellOne&quot;:&quot;800&quot;,&quot;sellOnePri&quot;:&quot;16.780&quot;,&quot;sellThree&quot;:&quot;8800&quot;,&quot;sellThreePri&quot;:&quot;16.830&quot;,&quot;sellTwo&quot;:&quot;900&quot;,&quot;sellTwoPri&quot;:&quot;16.790&quot;,&quot;time&quot;:&quot;09:31:04&quot;,&quot;todayMax&quot;:&quot;16.850&quot;,&quot;todayMin&quot;:&quot;16.780&quot;,&quot;todayStartPri&quot;:&quot;16.850&quot;,&quot;traAmount&quot;:&quot;630705.000&quot;,&quot;traNumber&quot;:&quot;375&quot;,&quot;yestodEndPri&quot;:&quot;16.750&quot;},&quot;dapandata&quot;:{&quot;dot&quot;:&quot;16.780&quot;,&quot;name&quot;:&quot;骆驼股份&quot;,&quot;nowPic&quot;:&quot;0.030&quot;,&quot;rate&quot;:&quot;0.18&quot;,&quot;traAmount&quot;:&quot;63&quot;,&quot;traNumber&quot;:&quot;375&quot;},&quot;gopicture&quot;:{&quot;minurl&quot;:&quot;http://image.sinajs.cn/newchart/min/n/sh601311.gif&quot;,&quot;dayurl&quot;:&quot;http://image.sinajs.cn/newchart/daily/n/sh601311.gif&quot;,&quot;weekurl&quot;:&quot;http://image.sinajs.cn/newchart/weekly/n/sh601311.gif&quot;,&quot;monthurl&quot;:&quot;http://image.sinajs.cn/newchart/monthly/n/sh601311.gif&quot;}}]
2017-03-10 09:31:08,387 ERROR [cn.dev.youngsmith.stockanalysis.util.JsonUtils] - to Object error
com.fasterxml.jackson.databind.JsonMappingException: Can not deserialize instance of cn.dev.youngsmith.stockanalysis.bean.StockInstantInfo out of START_ARRAY token
 at [Source: [{&quot;data&quot;:{&quot;buyFive&quot;:&quot;25700&quot;,&quot;buyFivePri&quot;:&quot;16.650&quot;,&quot;buyFour&quot;:&quot;20500&quot;,&quot;buyFourPri&quot;:&quot;16.700&quot;,&quot;buyOne&quot;:&quot;5500&quot;,&quot;buyOnePri&quot;:&quot;16.750&quot;,&quot;buyThree&quot;:&quot;1700&quot;,&quot;buyThreePri&quot;:&quot;16.710&quot;,&quot;buyTwo&quot;:&quot;500&quot;,&quot;buyTwoPri&quot;:&quot;16.730&quot;,&quot;competitivePri&quot;:&quot;16.750&quot;,&quot;date&quot;:&quot;2017-03-10&quot;,&quot;gid&quot;:&quot;sh601311&quot;,&quot;increPer&quot;:&quot;0.18&quot;,&quot;increase&quot;:&quot;0.030&quot;,&quot;name&quot;:&quot;骆驼股份&quot;,&quot;nowPri&quot;:&quot;16.780&quot;,&quot;reservePri&quot;:&quot;16.780&quot;,&quot;sellFive&quot;:&quot;2300&quot;,&quot;sellFivePri&quot;:&quot;16.850&quot;,&quot;sellFour&quot;:&quot;6700&quot;,&quot;sellFourPri&quot;:&quot;16.840&quot;,&quot;sellOne&quot;:&quot;800&quot;,&quot;sellOnePri&quot;:&quot;16.780&quot;,&quot;sellThree&quot;:&quot;8800&quot;,&quot;sellThreePri&quot;:&quot;16.830&quot;,&quot;sellTwo&quot;:&quot;900&quot;,&quot;sellTwoPri&quot;:&quot;16.790&quot;,&quot;time&quot;:&quot;09:31:04&quot;,&quot;todayMax&quot;:&quot;16.850&quot;,&quot;todayMin&quot;:&quot;16.780&quot;,&quot;todayStartPri&quot;:&quot;16.850&quot;,&quot;traAmount&quot;:&quot;630705.000&quot;,&quot;traNumber&quot;:&quot;375&quot;,&quot;yestodEndPri&quot;:&quot;16.750&quot;},&quot;dapandata&quot;:{&quot;dot&quot;:&quot;16.780&quot;,&quot;name&quot;:&quot;骆驼股份&quot;,&quot;nowPic&quot;:&quot;0.030&quot;,&quot;rate&quot;:&quot;0.18&quot;,&quot;traAmount&quot;:&quot;63&quot;,&quot;traNumber&quot;:&quot;375&quot;},&quot;gopicture&quot;:{&quot;minurl&quot;:&quot;http://image.sinajs.cn/newchart/min/n/sh601311.gif&quot;,&quot;dayurl&quot;:&quot;http://image.sinajs.cn/newchart/daily/n/sh601311.gif&quot;,&quot;weekurl&quot;:&quot;http://image.sinajs.cn/newchart/weekly/n/sh601311.gif&quot;,&quot;monthurl&quot;:&quot;http://image.sinajs.cn/newchart/monthly/n/sh601311.gif&quot;}}]; line: 1, column: 1]
	at com.fasterxml.jackson.databind.JsonMappingException.from(JsonMappingException.java:164)
	at com.fasterxml.jackson.databind.DeserializationContext.mappingException(DeserializationContext.java:749)
	at com.fasterxml.jackson.databind.DeserializationContext.mappingException(DeserializationContext.java:745)
	at com.fasterxml.jackson.databind.deser.BeanDeserializerBase.deserializeFromArray(BeanDeserializerBase.java:1210)
	at com.fasterxml.jackson.databind.deser.BeanDeserializer._deserializeOther(BeanDeserializer.java:151)
	at com.fasterxml.jackson.databind.deser.BeanDeserializer.deserialize(BeanDeserializer.java:126)
	at com.fasterxml.jackson.databind.ObjectMapper._readMapAndClose(ObjectMapper.java:3051)
	at com.fasterxml.jackson.databind.ObjectMapper.readValue(ObjectMapper.java:2146)
	at cn.dev.youngsmith.stockanalysis.util.JsonUtils.toObject(JsonUtils.java:132)
	at cn.dev.youngsmith.stockanalysis.parser.StockParser.parser(StockParser.java:11)
	at cn.dev.youngsmith.stockanalysis.StockParserTest.testParser(StockParserTest.java:49)
	at sun.reflect.NativeMethodAccessorImpl.invoke0(Native Method)
	at sun.reflect.NativeMethodAccessorImpl.invoke(NativeMethodAccessorImpl.java:57)
	at sun.reflect.DelegatingMethodAccessorImpl.invoke(DelegatingMethodAccessorImpl.java:43)
	at java.lang.reflect.Method.invoke(Method.java:606)
	at org.apache.maven.surefire.junit.PojoTestSet.executeTestMethod(PojoTestSet.java:151)
	at org.apache.maven.surefire.junit.PojoTestSet.executeTestMethods(PojoTestSet.java:102)
	at org.apache.maven.surefire.junit.PojoTestSet.execute(PojoTestSet.java:83)
	at org.apache.maven.surefire.junit.JUnit3Provider.executeTestSet(JUnit3Provider.java:121)
	at org.apache.maven.surefire.junit.JUnit3Provider.invoke(JUnit3Provider.java:98)
	at sun.reflect.NativeMethodAccessorImpl.invoke0(Native Method)
	at sun.reflect.NativeMethodAccessorImpl.invoke(NativeMethodAccessorImpl.java:57)
	at sun.reflect.DelegatingMethodAccessorImpl.invoke(DelegatingMethodAccessorImpl.java:43)
	at java.lang.reflect.Method.invoke(Method.java:606)
	at org.apache.maven.surefire.util.ReflectionUtils.invokeMethodWithArray(ReflectionUtils.java:189)
	at org.apache.maven.surefire.booter.ProviderFactory$ProviderProxy.invoke(ProviderFactory.java:165)
	at org.apache.maven.surefire.booter.ProviderFactory.invokeProvider(ProviderFactory.java:85)
	at org.apache.maven.surefire.booter.ForkedBooter.runSuitesInProcess(ForkedBooter.java:115)
	at org.apache.maven.surefire.booter.ForkedBooter.main(ForkedBooter.java:75)
</system-out>
    <system-err>cn.dev.youngsmith.stockanalysis.exception.StockException
	at cn.dev.youngsmith.stockanalysis.util.JsonUtils.toObject(JsonUtils.java:135)
	at cn.dev.youngsmith.stockanalysis.parser.StockParser.parser(StockParser.java:11)
	at cn.dev.youngsmith.stockanalysis.StockParserTest.testParser(StockParserTest.java:49)
	at sun.reflect.NativeMethodAccessorImpl.invoke0(Native Method)
	at sun.reflect.NativeMethodAccessorImpl.invoke(NativeMethodAccessorImpl.java:57)
	at sun.reflect.DelegatingMethodAccessorImpl.invoke(DelegatingMethodAccessorImpl.java:43)
	at java.lang.reflect.Method.invoke(Method.java:606)
	at org.apache.maven.surefire.junit.PojoTestSet.executeTestMethod(PojoTestSet.java:151)
	at org.apache.maven.surefire.junit.PojoTestSet.executeTestMethods(PojoTestSet.java:102)
	at org.apache.maven.surefire.junit.PojoTestSet.execute(PojoTestSet.java:83)
	at org.apache.maven.surefire.junit.JUnit3Provider.executeTestSet(JUnit3Provider.java:121)
	at org.apache.maven.surefire.junit.JUnit3Provider.invoke(JUnit3Provider.java:98)
	at sun.reflect.NativeMethodAccessorImpl.invoke0(Native Method)
	at sun.reflect.NativeMethodAccessorImpl.invoke(NativeMethodAccessorImpl.java:57)
	at sun.reflect.DelegatingMethodAccessorImpl.invoke(DelegatingMethodAccessorImpl.java:43)
	at java.lang.reflect.Method.invoke(Method.java:606)
	at org.apache.maven.surefire.util.ReflectionUtils.invokeMethodWithArray(ReflectionUtils.java:189)
	at org.apache.maven.surefire.booter.ProviderFactory$ProviderProxy.invoke(ProviderFactory.java:165)
	at org.apache.maven.surefire.booter.ProviderFactory.invokeProvider(ProviderFactory.java:85)
	at org.apache.maven.surefire.booter.ForkedBooter.runSuitesInProcess(ForkedBooter.java:115)
	at org.apache.maven.surefire.booter.ForkedBooter.main(ForkedBooter.java:75)
</system-err>
  </testcase>
</testsuite>